\BOOKMARK [1][-]{section.1}{Input og output fra programmer}{}% 1
\BOOKMARK [2][-]{subsection.1.1}{Hello, World!}{section.1}% 2
\BOOKMARK [3][-]{subsubsection.1.1.1}{Kort ``obduksjon'' av programmet}{subsection.1.1}% 3
\BOOKMARK [3][-]{subsubsection.1.1.2}{Konsepter}{subsection.1.1}% 4
\BOOKMARK [3][-]{subsubsection.1.1.3}{Lese input fra bruker}{subsection.1.1}% 5
\BOOKMARK [3][-]{subsubsection.1.1.4}{Kort obduksjon}{subsection.1.1}% 6
\BOOKMARK [3][-]{subsubsection.1.1.5}{Flere konsepter}{subsection.1.1}% 7
\BOOKMARK [2][-]{subsection.1.2}{Bruk av ipython som en kalkulator}{section.1}% 8
\BOOKMARK [3][-]{subsubsection.1.2.1}{Eksempel}{subsection.1.2}% 9
\BOOKMARK [2][-]{subsection.1.3}{Flyttall}{section.1}% 10
\BOOKMARK [2][-]{subsection.1.4}{Heltall}{section.1}% 11
\BOOKMARK [2][-]{subsection.1.5}{Regnerekkef\370lge}{section.1}% 12
\BOOKMARK [3][-]{subsubsection.1.5.1}{Eksempel}{subsection.1.5}% 13
\BOOKMARK [2][-]{subsection.1.6}{Tall som input fra bruker}{section.1}% 14
\BOOKMARK [2][-]{subsection.1.7}{Input fra kommandolinje}{section.1}% 15
\BOOKMARK [3][-]{subsubsection.1.7.1}{Orienteringsstoff: Et veldig typisk eksempel}{subsection.1.7}% 16
\BOOKMARK [2][-]{subsection.1.8}{Orienteringsstoff: Bruk av pakken argparse n\345r mange argumenter skal leses inn}{section.1}% 17
\BOOKMARK [2][-]{subsection.1.9}{Orienteringsstoff: Lesing av data med loadtxt}{section.1}% 18
\BOOKMARK [2][-]{subsection.1.10}{Litt om skriving til fil}{section.1}% 19
\BOOKMARK [1][-]{section.2}{Oppsummering}{}% 20
\BOOKMARK [2][-]{subsection.2.1}{Gode vaner}{section.2}% 21
\BOOKMARK [2][-]{subsection.2.2}{kommentarer En kommentar i python starter med en hashtag \(\043\) eller kan gis som en doc-string. Kommentarer gj\370r koden din lettere \345 lese for andre mennesker - ikke minst deg selv om 2-3 dager, uker eller m\345neder.}{section.2}% 22
\BOOKMARK [2][-]{subsection.2.3}{Vanlige datatyper}{section.2}% 23
\BOOKMARK [2][-]{subsection.2.4}{int - datatypen integer eller et heltall. I motsetning til flyttall kan disse representeres n\370yaktig!}{section.2}% 24
\BOOKMARK [2][-]{subsection.2.5}{Ofte brukte kommandoer og pakker}{section.2}% 25
\BOOKMARK [3][-]{subsubsection.2.5.1}{Omgj\370ring av datatyper}{subsection.2.5}% 26
\BOOKMARK [2][-]{subsection.2.6}{Avrunding}{section.2}% 27
\BOOKMARK [2][-]{subsection.2.7}{Python som kalkulator}{section.2}% 28
\BOOKMARK [2][-]{subsection.2.8}{Plotting}{section.2}% 29
\BOOKMARK [2][-]{subsection.2.9}{Generelle l\346ringsbeskrivelser}{section.2}% 30
\BOOKMARK [1][-]{section.3}{Oppgaver}{}% 31
\BOOKMARK [2][-]{subsubsection.3.0.1}{Oppgave 1}{section.3}% 32
\BOOKMARK [3][-]{subsubsection.3.0.2}{Oppgave 2}{subsubsection.3.0.1}% 33
\BOOKMARK [3][-]{subsubsection.3.0.3}{Oppgave 3}{subsubsection.3.0.1}% 34
\BOOKMARK [3][-]{subsubsection.3.0.4}{Oppgave 4}{subsubsection.3.0.1}% 35
\BOOKMARK [3][-]{subsubsection.3.0.5}{Oppgave 5}{subsubsection.3.0.1}% 36
\BOOKMARK [3][-]{subsubsection.3.0.6}{Oppgave 6}{subsubsection.3.0.1}% 37
\BOOKMARK [3][-]{subsubsection.3.0.7}{Oppgave 7}{subsubsection.3.0.1}% 38
\BOOKMARK [3][-]{subsubsection.3.0.8}{Oppgave 8}{subsubsection.3.0.1}% 39
\BOOKMARK [3][-]{subsubsection.3.0.9}{Oppgave 9}{subsubsection.3.0.1}% 40
\BOOKMARK [3][-]{subsubsection.3.0.10}{Oppgave 10}{subsubsection.3.0.1}% 41
\BOOKMARK [3][-]{subsubsection.3.0.11}{Oppgave 11}{subsubsection.3.0.1}% 42
\BOOKMARK [3][-]{subsubsection.3.0.12}{Oppgave 12}{subsubsection.3.0.1}% 43
\BOOKMARK [3][-]{subsubsection.3.0.13}{Oppgave 13}{subsubsection.3.0.1}% 44
\BOOKMARK [3][-]{subsubsection.3.0.14}{Oppgave 14}{subsubsection.3.0.1}% 45
\BOOKMARK [3][-]{subsubsection.3.0.15}{Oppgave 15}{subsubsection.3.0.1}% 46
\BOOKMARK [3][-]{subsubsection.3.0.16}{Oppgave 16}{subsubsection.3.0.1}% 47
\BOOKMARK [3][-]{subsubsection.3.0.17}{Oppgave 17}{subsubsection.3.0.1}% 48
\BOOKMARK [3][-]{subsubsection.3.0.18}{Oppgave 18}{subsubsection.3.0.1}% 49
\BOOKMARK [3][-]{subsubsection.3.0.19}{Oppgave 19}{subsubsection.3.0.1}% 50
\BOOKMARK [3][-]{subsubsection.3.0.20}{Oppave 20}{subsubsection.3.0.1}% 51
